High Performance MPEG 1.0/2.0/2.5 Audio Player for Layers 1, 2 and 3
	version 1.32.3; written and copyright by Michael Hipp and others
	free software (LGPL) without any warranty but with best wishes

Directory: res/
Playing MPEG stream 1 of 1: bgm.mp3 ...

MPEG 1.0 L III vbr 44100 j-s

	Title:   007 : James Bond : Theme
	Artist:  TheAmericanGazette
	Album:   007 : James Bond : Theme
	Year:    
	Genre:   Music
	Comment: 



[0:21] Decoding of bgm.mp3 finished.
High Performance MPEG 1.0/2.0/2.5 Audio Player for Layers 1, 2 and 3
	version 1.32.3; written and copyright by Michael Hipp and others
	free software (LGPL) without any warranty but with best wishes

Directory: res/
Playing MPEG stream 1 of 1: bgm.mp3 ...

MPEG 1.0 L III vbr 44100 j-s

	Title:   007 : James Bond : Theme
	Artist:  TheAmericanGazette
	Album:   007 : James Bond : Theme
	Year:    
	Genre:   Music
	Comment: 



[0:15] Decoding of bgm.mp3 finished.
High Performance MPEG 1.0/2.0/2.5 Audio Player for Layers 1, 2 and 3
	version 1.32.3; written and copyright by Michael Hipp and others
	free software (LGPL) without any warranty but with best wishes

Directory: res/
Playing MPEG stream 1 of 1: bgm.mp3 ...

MPEG 1.0 L III vbr 44100 j-s

	Title:   007 : James Bond : Theme
	Artist:  TheAmericanGazette
	Album:   007 : James Bond : Theme
	Year:    
	Genre:   Music
	Comment: 



[0:09] Decoding of bgm.mp3 finished.
High Performance MPEG 1.0/2.0/2.5 Audio Player for Layers 1, 2 and 3
	version 1.32.3; written and copyright by Michael Hipp and others
	free software (LGPL) without any warranty but with best wishes

Directory: res/
Playing MPEG stream 1 of 1: bgm.mp3 ...

MPEG 1.0 L III vbr 44100 j-s

	Title:   007 : James Bond : Theme
	Artist:  TheAmericanGazette
	Album:   007 : James Bond : Theme
	Year:    
	Genre:   Music
	Comment: 



[0:02] Decoding of bgm.mp3 finished.
High Performance MPEG 1.0/2.0/2.5 Audio Player for Layers 1, 2 and 3
	version 1.32.3; written and copyright by Michael Hipp and others
	free software (LGPL) without any warranty but with best wishes

Directory: res/
Playing MPEG stream 1 of 1: bgm.mp3 ...

MPEG 1.0 L III vbr 44100 j-s

	Title:   007 : James Bond : Theme
	Artist:  TheAmericanGazette
	Album:   007 : James Bond : Theme
	Year:    
	Genre:   Music
	Comment: 



[0:02] Decoding of bgm.mp3 finished.
High Performance MPEG 1.0/2.0/2.5 Audio Player for Layers 1, 2 and 3
	version 1.32.3; written and copyright by Michael Hipp and others
	free software (LGPL) without any warranty but with best wishes

Directory: res/
Playing MPEG stream 1 of 1: bgm.mp3 ...

MPEG 1.0 L III vbr 44100 j-s

	Title:   007 : James Bond : Theme
	Artist:  TheAmericanGazette
	Album:   007 : James Bond : Theme
	Year:    
	Genre:   Music
	Comment: 



[0:10] Decoding of bgm.mp3 finished.
High Performance MPEG 1.0/2.0/2.5 Audio Player for Layers 1, 2 and 3
	version 1.32.3; written and copyright by Michael Hipp and others
	free software (LGPL) without any warranty but with best wishes

Directory: res/
Playing MPEG stream 1 of 1: bgm.mp3 ...

MPEG 1.0 L III vbr 44100 j-s

	Title:   007 : James Bond : Theme
	Artist:  TheAmericanGazette
	Album:   007 : James Bond : Theme
	Year:    
	Genre:   Music
	Comment: 



[0:21] Decoding of bgm.mp3 finished.
High Performance MPEG 1.0/2.0/2.5 Audio Player for Layers 1, 2 and 3
	version 1.32.3; written and copyright by Michael Hipp and others
	free software (LGPL) without any warranty but with best wishes

Directory: res/
Playing MPEG stream 1 of 1: bgm.mp3 ...

MPEG 1.0 L III vbr 44100 j-s

	Title:   007 : James Bond : Theme
	Artist:  TheAmericanGazette
	Album:   007 : James Bond : Theme
	Year:    
	Genre:   Music
	Comment: 



[0:01] Decoding of bgm.mp3 finished.
High Performance MPEG 1.0/2.0/2.5 Audio Player for Layers 1, 2 and 3
	version 1.32.3; written and copyright by Michael Hipp and others
	free software (LGPL) without any warranty but with best wishes

Directory: res/
Playing MPEG stream 1 of 1: bgm.mp3 ...

MPEG 1.0 L III vbr 44100 j-s

	Title:   007 : James Bond : Theme
	Artist:  TheAmericanGazette
	Album:   007 : James Bond : Theme
	Year:    
	Genre:   Music
	Comment: 



[0:07] Decoding of bgm.mp3 finished.
High Performance MPEG 1.0/2.0/2.5 Audio Player for Layers 1, 2 and 3
	version 1.32.3; written and copyright by Michael Hipp and others
	free software (LGPL) without any warranty but with best wishes

Directory: res/
Playing MPEG stream 1 of 1: bgm.mp3 ...

MPEG 1.0 L III vbr 44100 j-s

	Title:   007 : James Bond : Theme
	Artist:  TheAmericanGazette
	Album:   007 : James Bond : Theme
	Year:    
	Genre:   Music
	Comment: 



[0:09] Decoding of bgm.mp3 finished.
High Performance MPEG 1.0/2.0/2.5 Audio Player for Layers 1, 2 and 3
	version 1.32.3; written and copyright by Michael Hipp and others
	free software (LGPL) without any warranty but with best wishes

Directory: res/
Playing MPEG stream 1 of 1: bgm.mp3 ...

MPEG 1.0 L III vbr 44100 j-s

	Title:   007 : James Bond : Theme
	Artist:  TheAmericanGazette
	Album:   007 : James Bond : Theme
	Year:    
	Genre:   Music
	Comment: 



[0:21] Decoding of bgm.mp3 finished.
High Performance MPEG 1.0/2.0/2.5 Audio Player for Layers 1, 2 and 3
	version 1.32.3; written and copyright by Michael Hipp and others
	free software (LGPL) without any warranty but with best wishes

Directory: res/
Playing MPEG stream 1 of 1: bgm.mp3 ...

MPEG 1.0 L III vbr 44100 j-s

	Title:   007 : James Bond : Theme
	Artist:  TheAmericanGazette
	Album:   007 : James Bond : Theme
	Year:    
	Genre:   Music
	Comment: 



[0:21] Decoding of bgm.mp3 finished.
High Performance MPEG 1.0/2.0/2.5 Audio Player for Layers 1, 2 and 3
	version 1.32.3; written and copyright by Michael Hipp and others
	free software (LGPL) without any warranty but with best wishes

Directory: res/
Playing MPEG stream 1 of 1: bgm.mp3 ...

MPEG 1.0 L III vbr 44100 j-s

	Title:   007 : James Bond : Theme
	Artist:  TheAmericanGazette
	Album:   007 : James Bond : Theme
	Year:    
	Genre:   Music
	Comment: 



[0:21] Decoding of bgm.mp3 finished.
